Using pre-set license
Built from '2021.3/staging' branch; Version is '2021.3.13f1 (9e7d58001ecf) revision 10386776'; Using compiler version '192829333'; Build Type 'Release'
OS: 'Windows 11  (10.0.22000) 64bit CoreSingleLanguage' Language: 'es' Physical Memory: 7504 MB
BatchMode: 1, IsHumanControllingUs: 0, StartBugReporterOnCrash: 0, Is64bit: 1, IsPro: 1

COMMAND LINE ARGUMENTS:
C:\Program Files\Unity\Hub\Editor\2021.3.13f1\Editor\Unity.exe
-adb2
-batchMode
-noUpm
-name
AssetImportWorker8
-projectPath
C:/Users/almac/Desktop/SEPTIMO SEMESTRE/Desarrollo de Videojuegos/Segundo Parcial/ActividadClase
-logFile
Logs/AssetImportWorker8.log
-srvPort
59666
Successfully changed project path to: C:/Users/almac/Desktop/SEPTIMO SEMESTRE/Desarrollo de Videojuegos/Segundo Parcial/ActividadClase
C:/Users/almac/Desktop/SEPTIMO SEMESTRE/Desarrollo de Videojuegos/Segundo Parcial/ActividadClase
[UnityMemory] Configuration Parameters - Can be set up in boot.config
    "memorysetup-bucket-allocator-granularity=16"
    "memorysetup-bucket-allocator-bucket-count=8"
    "memorysetup-bucket-allocator-block-size=33554432"
    "memorysetup-bucket-allocator-block-count=8"
    "memorysetup-main-allocator-block-size=16777216"
    "memorysetup-thread-allocator-block-size=16777216"
    "memorysetup-gfx-main-allocator-block-size=16777216"
    "memorysetup-gfx-thread-allocator-block-size=16777216"
    "memorysetup-cache-allocator-block-size=4194304"
    "memorysetup-typetree-allocator-block-size=2097152"
    "memorysetup-profiler-bucket-allocator-granularity=16"
    "memorysetup-profiler-bucket-allocator-bucket-count=8"
    "memorysetup-profiler-bucket-allocator-block-size=33554432"
    "memorysetup-profiler-bucket-allocator-block-count=8"
    "memorysetup-profiler-allocator-block-size=16777216"
    "memorysetup-profiler-editor-allocator-block-size=1048576"
    "memorysetup-temp-allocator-size-main=16777216"
    "memorysetup-job-temp-allocator-block-size=2097152"
    "memorysetup-job-temp-allocator-block-size-background=1048576"
    "memorysetup-job-temp-allocator-reduction-small-platforms=262144"
    "memorysetup-temp-allocator-size-background-worker=32768"
    "memorysetup-temp-allocator-size-job-worker=262144"
    "memorysetup-temp-allocator-size-preload-manager=33554432"
    "memorysetup-temp-allocator-size-nav-mesh-worker=65536"
    "memorysetup-temp-allocator-size-audio-worker=65536"
    "memorysetup-temp-allocator-size-cloud-worker=32768"
    "memorysetup-temp-allocator-size-gi-baking-worker=262144"
    "memorysetup-temp-allocator-size-gfx=262144"
Refreshing native plugins compatible for Editor in 195.31 ms, found 3 plugins.
Preloading 0 native plugins for Editor in 0.00 ms.
Initialize engine version: 2021.3.13f1 (9e7d58001ecf)
[Subsystems] Discovering subsystems at path C:/Program Files/Unity/Hub/Editor/2021.3.13f1/Editor/Data/Resources/UnitySubsystems
[Subsystems] Discovering subsystems at path C:/Users/almac/Desktop/SEPTIMO SEMESTRE/Desarrollo de Videojuegos/Segundo Parcial/ActividadClase/Assets
GfxDevice: creating device client; threaded=0; jobified=0
Direct3D:
    Version:  Direct3D 11.0 [level 11.1]
    Renderer: AMD Radeon(TM) Graphics (ID=0x164c)
    Vendor:   ATI
    VRAM:     3752 MB
    Driver:   30.0.13044.0
Initialize mono
Mono path[0] = 'C:/Program Files/Unity/Hub/Editor/2021.3.13f1/Editor/Data/Managed'
Mono path[1] = 'C:/Program Files/Unity/Hub/Editor/2021.3.13f1/Editor/Data/MonoBleedingEdge/lib/mono/unityjit-win32'
Mono config path = 'C:/Program Files/Unity/Hub/Editor/2021.3.13f1/Editor/Data/MonoBleedingEdge/etc'
Using monoOptions --debugger-agent=transport=dt_socket,embedding=1,server=y,suspend=n,address=127.0.0.1:56508
Begin MonoManager ReloadAssembly
Registering precompiled unity dll's ...
Register platform support module: C:/Program Files/Unity/Hub/Editor/2021.3.13f1/Editor/Data/PlaybackEngines/WindowsStandaloneSupport/UnityEditor.WindowsStandalone.Extensions.dll
Registered in 0.012088 seconds.
Native extension for WindowsStandalone target not found
Refreshing native plugins compatible for Editor in 162.77 ms, found 3 plugins.
Preloading 0 native plugins for Editor in 0.00 ms.
Mono: successfully reloaded assembly
- Completed reload, in  1.218 seconds
Domain Reload Profiling:
	ReloadAssembly (1219ms)
		BeginReloadAssembly (155ms)
			ExecutionOrderSort (0ms)
			DisableScriptedObjects (0ms)
			BackupInstance (0ms)
			ReleaseScriptingObjects (0ms)
			CreateAndSetChildDomain (1ms)
		EndReloadAssembly (861ms)
			LoadAssemblies (150ms)
			RebuildTransferFunctionScriptingTraits (0ms)
			SetupTypeCache (222ms)
			ReleaseScriptCaches (0ms)
			RebuildScriptCaches (73ms)
			SetupLoadedEditorAssemblies (458ms)
				LogAssemblyErrors (0ms)
				InitializePlatformSupportModulesInManaged (22ms)
				SetLoadedEditorAssemblies (0ms)
				RefreshPlugins (163ms)
				BeforeProcessingInitializeOnLoad (2ms)
				ProcessInitializeOnLoadAttributes (196ms)
				ProcessInitializeOnLoadMethodAttributes (74ms)
				AfterProcessingInitializeOnLoad (0ms)
				EditorAssembliesLoaded (0ms)
			ExecutionOrderSort2 (0ms)
			AwakeInstancesAfterBackupRestoration (0ms)
Platform modules already initialized, skipping
Registering precompiled user dll's ...
Registered in 0.016030 seconds.
Begin MonoManager ReloadAssembly
Symbol file LoadedFromMemory doesn't match image C:\Users\almac\Desktop\SEPTIMO SEMESTRE\Desarrollo de Videojuegos\Segundo Parcial\ActividadClase\Library\PackageCache\com.unity.visualscripting@1.7.8\Editor\VisualScripting.Core\Dependencies\YamlDotNet\Unity.VisualScripting.YamlDotNet.dll
Symbol file LoadedFromMemory doesn't match image C:\Users\almac\Desktop\SEPTIMO SEMESTRE\Desarrollo de Videojuegos\Segundo Parcial\ActividadClase\Library\PackageCache\com.unity.visualscripting@1.7.8\Editor\VisualScripting.Core\Dependencies\DotNetZip\Unity.VisualScripting.IonicZip.dll
Native extension for WindowsStandalone target not found
Refreshing native plugins compatible for Editor in 1.37 ms, found 3 plugins.
Preloading 0 native plugins for Editor in 0.00 ms.
Mono: successfully reloaded assembly
- Completed reload, in  1.911 seconds
Domain Reload Profiling:
	ReloadAssembly (1912ms)
		BeginReloadAssembly (219ms)
			ExecutionOrderSort (0ms)
			DisableScriptedObjects (10ms)
			BackupInstance (0ms)
			ReleaseScriptingObjects (0ms)
			CreateAndSetChildDomain (29ms)
		EndReloadAssembly (1492ms)
			LoadAssemblies (198ms)
			RebuildTransferFunctionScriptingTraits (0ms)
			SetupTypeCache (477ms)
			ReleaseScriptCaches (1ms)
			RebuildScriptCaches (106ms)
			SetupLoadedEditorAssemblies (661ms)
				LogAssemblyErrors (0ms)
				InitializePlatformSupportModulesInManaged (8ms)
				SetLoadedEditorAssemblies (1ms)
				RefreshPlugins (2ms)
				BeforeProcessingInitializeOnLoad (190ms)
				ProcessInitializeOnLoadAttributes (394ms)
				ProcessInitializeOnLoadMethodAttributes (51ms)
				AfterProcessingInitializeOnLoad (16ms)
				EditorAssembliesLoaded (0ms)
			ExecutionOrderSort2 (0ms)
			AwakeInstancesAfterBackupRestoration (12ms)
Platform modules already initialized, skipping
========================================================================
Worker process is ready to serve import requests
Launched and connected shader compiler UnityShaderCompiler.exe after 0.13 seconds
Refreshing native plugins compatible for Editor in 1.25 ms, found 3 plugins.
Preloading 0 native plugins for Editor in 0.00 ms.
Unloading 3349 Unused Serialized files (Serialized files now loaded: 0)
Unloading 27 unused Assets / (113.7 KB). Loaded Objects now: 3826.
Memory consumption went from 129.9 MB to 129.8 MB.
Total: 5.041900 ms (FindLiveObjects: 0.521500 ms CreateObjectMapping: 0.177600 ms MarkObjects: 4.106000 ms  DeleteObjects: 0.234200 ms)

AssetImportParameters requested are different than current active one (requested -> active):
  custom:video-decoder-ogg-theora: a1e56fd34408186e4bbccfd4996cb3dc -> 
  custom:container-muxer-webm: aa71ff27fc2769a1b78a27578f13a17b -> 
  custom:container-demuxer-webm: 4f35f7cbe854078d1ac9338744f61a02 -> 
  custom:video-encoder-webm-vp8: eb34c28f22e8b96e1ab97ce403110664 -> 
  custom:audio-encoder-webm-vorbis: bf7c407c2cedff20999df2af8eb42d56 -> 
  custom:framework-win-MediaFoundation: 216162199b28c13a410421893ffa2e32 -> 
  custom:container-demuxer-ogg: 62fdf1f143b41e24485cea50d1cbac27 -> 
  custom:video-decoder-webm-vp8: 9c59270c3fd7afecdb556c50c9e8de78 -> 
  custom:audio-decoder-ogg-vorbis: bf7c407c2cedff20999df2af8eb42d56 -> 
========================================================================
Received Import Request.
  Time since last request: 1583579.974234 seconds.
  path: Assets/New Terrain 2.asset
  artifactKey: Guid(e3944d0fa29dd604189987fd7ed72d62) Importer(815301076,1909f56bfc062723c751e8b465ee728b)
Start importing Assets/New Terrain 2.asset using Guid(e3944d0fa29dd604189987fd7ed72d62) Importer(815301076,1909f56bfc062723c751e8b465ee728b) Tree prefab at index 0 is missing.
Tree prefab at index 1 is missing.
Tree prefab at index 2 is missing.
 -> (artifact id: '0fed1dcdf799082d9e2eec613303bf8d') in 0.105806 seconds 
========================================================================
Received Import Request.
  Time since last request: 11.834680 seconds.
  path: Assets/_TerrainAutoUpgrade/layer_Grass3-1b3407d0e55802f81.terrainlayer
  artifactKey: Guid(68199e085af300c4ba51b3e8f719497f) Importer(815301076,1909f56bfc062723c751e8b465ee728b)
Start importing Assets/_TerrainAutoUpgrade/layer_Grass3-1b3407d0e55802f81.terrainlayer using Guid(68199e085af300c4ba51b3e8f719497f) Importer(815301076,1909f56bfc062723c751e8b465ee728b)  -> (artifact id: '428808f2f285abba53c5bebd116552c0') in 0.129502 seconds 
========================================================================
Received Import Request.
  Time since last request: 0.000068 seconds.
  path: Assets/_TerrainAutoUpgrade/layer_Road3-3b3407d0e55802f81.terrainlayer
  artifactKey: Guid(e6701566735ffa646b836314f1a640b6) Importer(815301076,1909f56bfc062723c751e8b465ee728b)
Start importing Assets/_TerrainAutoUpgrade/layer_Road3-3b3407d0e55802f81.terrainlayer using Guid(e6701566735ffa646b836314f1a640b6) Importer(815301076,1909f56bfc062723c751e8b465ee728b)  -> (artifact id: '6c5cb193d76444b58980d496c6353df2') in 0.027915 seconds 
========================================================================
Received Import Request.
  Time since last request: 0.000048 seconds.
  path: Assets/_TerrainAutoUpgrade/layer_Grass3-3b3407d0e55802f81.terrainlayer
  artifactKey: Guid(f962640f48efffd4fb73c8fba2994d60) Importer(815301076,1909f56bfc062723c751e8b465ee728b)
Start importing Assets/_TerrainAutoUpgrade/layer_Grass3-3b3407d0e55802f81.terrainlayer using Guid(f962640f48efffd4fb73c8fba2994d60) Importer(815301076,1909f56bfc062723c751e8b465ee728b)  -> (artifact id: '3d932909e6991fdd7675fe63b048c2ee') in 0.028347 seconds 
========================================================================
Received Import Request.
  Time since last request: 20.554938 seconds.
  path: Assets/SkythianCat/Hand_Painted_Nature_Kit_LITE/Textures/Landscape/Grass3-2.png
  artifactKey: Guid(c7a67d2f7119d7f4b91b3b64379cd04b) Importer(815301076,1909f56bfc062723c751e8b465ee728b)
Start importing Assets/SkythianCat/Hand_Painted_Nature_Kit_LITE/Textures/Landscape/Grass3-2.png using Guid(c7a67d2f7119d7f4b91b3b64379cd04b) Importer(815301076,1909f56bfc062723c751e8b465ee728b)  -> (artifact id: '0dcbf6c6e3753a58f29260fbd38fb765') in 0.080190 seconds 
========================================================================
Received Import Request.
  Time since last request: 4.696027 seconds.
  path: Assets/SkythianCat/Hand_Painted_Nature_Kit_LITE/Textures/Landscape/Road3-3.png
  artifactKey: Guid(8f8c87e3562d4e844bac7fd82bc6328f) Importer(815301076,1909f56bfc062723c751e8b465ee728b)
Start importing Assets/SkythianCat/Hand_Painted_Nature_Kit_LITE/Textures/Landscape/Road3-3.png using Guid(8f8c87e3562d4e844bac7fd82bc6328f) Importer(815301076,1909f56bfc062723c751e8b465ee728b)  -> (artifact id: '59328da098c28deb3a5eddf053745f5e') in 0.039700 seconds 
========================================================================
Received Import Request.
  Time since last request: 37.408777 seconds.
  path: Assets/SkythianCat/Hand_Painted_Nature_Kit_LITE/Meshes/Boletus_edulis01.fbx
  artifactKey: Guid(b1683f28d36f08a44ae74f1dd7b2caf2) Importer(815301076,1909f56bfc062723c751e8b465ee728b)
Start importing Assets/SkythianCat/Hand_Painted_Nature_Kit_LITE/Meshes/Boletus_edulis01.fbx using Guid(b1683f28d36f08a44ae74f1dd7b2caf2) Importer(815301076,1909f56bfc062723c751e8b465ee728b)  -> (artifact id: '03e8555ce0c0e2963e4d6bf0ee79f50a') in 0.449092 seconds 
========================================================================
Received Import Request.
  Time since last request: 0.000079 seconds.
  path: Assets/SkythianCat/Hand_Painted_Nature_Kit_LITE/Prefabs/Fern01.prefab
  artifactKey: Guid(d301739b2ce9f4e4781dfacaef31616d) Importer(815301076,1909f56bfc062723c751e8b465ee728b)
Start importing Assets/SkythianCat/Hand_Painted_Nature_Kit_LITE/Prefabs/Fern01.prefab using Guid(d301739b2ce9f4e4781dfacaef31616d) Importer(815301076,1909f56bfc062723c751e8b465ee728b)  -> (artifact id: '1e7b767757929ffde046600239cbcffd') in 0.307414 seconds 
========================================================================
Received Import Request.
  Time since last request: 0.000192 seconds.
  path: Assets/SkythianCat/Hand_Painted_Nature_Kit_LITE/Prefabs/Larch01.prefab
  artifactKey: Guid(2cebbe72b3420fb47b0861343e1b0a46) Importer(815301076,1909f56bfc062723c751e8b465ee728b)
Start importing Assets/SkythianCat/Hand_Painted_Nature_Kit_LITE/Prefabs/Larch01.prefab using Guid(2cebbe72b3420fb47b0861343e1b0a46) Importer(815301076,1909f56bfc062723c751e8b465ee728b)  -> (artifact id: '53d9d20207f79c3e32e2e339866082f4') in 0.199324 seconds 
========================================================================
Received Import Request.
  Time since last request: 0.000086 seconds.
  path: Assets/SkythianCat/Hand_Painted_Nature_Kit_LITE/Meshes/Dandelion02.fbx
  artifactKey: Guid(0d2b37dd6ac252e47ad4d194330f92c0) Importer(815301076,1909f56bfc062723c751e8b465ee728b)
Start importing Assets/SkythianCat/Hand_Painted_Nature_Kit_LITE/Meshes/Dandelion02.fbx using Guid(0d2b37dd6ac252e47ad4d194330f92c0) Importer(815301076,1909f56bfc062723c751e8b465ee728b)  -> (artifact id: 'f21c82d13a5025ffe33b18c1aa997bd9') in 0.045534 seconds 
========================================================================
Received Import Request.
  Time since last request: 0.000095 seconds.
  path: Assets/SkythianCat/Hand_Painted_Nature_Kit_LITE/Meshes/Fern01.fbx
  artifactKey: Guid(671d4fd9b305b7740bb144a7ee4a3d18) Importer(815301076,1909f56bfc062723c751e8b465ee728b)
Start importing Assets/SkythianCat/Hand_Painted_Nature_Kit_LITE/Meshes/Fern01.fbx using Guid(671d4fd9b305b7740bb144a7ee4a3d18) Importer(815301076,1909f56bfc062723c751e8b465ee728b)  -> (artifact id: 'ed9400b7d54307ea0f03161d4390fcd1') in 0.049691 seconds 
========================================================================
Received Import Request.
  Time since last request: 0.000096 seconds.
  path: Assets/SkythianCat/Hand_Painted_Nature_Kit_LITE/Meshes/Cedar03.fbx
  artifactKey: Guid(09014e39046d9634c89e35747d1c6d38) Importer(815301076,1909f56bfc062723c751e8b465ee728b)
Start importing Assets/SkythianCat/Hand_Painted_Nature_Kit_LITE/Meshes/Cedar03.fbx using Guid(09014e39046d9634c89e35747d1c6d38) Importer(815301076,1909f56bfc062723c751e8b465ee728b)  -> (artifact id: '4c1e635223e71fc56c498dfa07c2532f') in 0.049885 seconds 
========================================================================
Received Import Request.
  Time since last request: 1.428265 seconds.
  path: Assets/SkythianCat/Hand_Painted_Nature_Kit_LITE/Meshes/Pine01.fbx
  artifactKey: Guid(898d66776f99a2a4d97b187b37b1f15e) Importer(815301076,1909f56bfc062723c751e8b465ee728b)
Start importing Assets/SkythianCat/Hand_Painted_Nature_Kit_LITE/Meshes/Pine01.fbx using Guid(898d66776f99a2a4d97b187b37b1f15e) Importer(815301076,1909f56bfc062723c751e8b465ee728b)  -> (artifact id: 'e487c5e294102ec736da2ce73552ff74') in 0.041570 seconds 
========================================================================
Received Import Request.
  Time since last request: 0.000054 seconds.
  path: Assets/SkythianCat/Hand_Painted_Nature_Kit_LITE/Prefabs/Plantain.prefab
  artifactKey: Guid(c7986b2d54ec33f4b8d0dd855c370967) Importer(815301076,1909f56bfc062723c751e8b465ee728b)
Start importing Assets/SkythianCat/Hand_Painted_Nature_Kit_LITE/Prefabs/Plantain.prefab using Guid(c7986b2d54ec33f4b8d0dd855c370967) Importer(815301076,1909f56bfc062723c751e8b465ee728b)  -> (artifact id: '91fd894c2fa3b82e339d6e6b73b17289') in 0.027372 seconds 
========================================================================
Received Import Request.
  Time since last request: 0.541196 seconds.
  path: Assets/SkythianCat/Hand_Painted_Nature_Kit_LITE/Meshes/Stump.fbx
  artifactKey: Guid(dba9f38171f739f4095e59fb431610d2) Importer(815301076,1909f56bfc062723c751e8b465ee728b)
Start importing Assets/SkythianCat/Hand_Painted_Nature_Kit_LITE/Meshes/Stump.fbx using Guid(dba9f38171f739f4095e59fb431610d2) Importer(815301076,1909f56bfc062723c751e8b465ee728b)  -> (artifact id: 'e208d860b6ec671847fb094626675edd') in 0.047883 seconds 
========================================================================
Received Import Request.
  Time since last request: 57.054350 seconds.
  path: Assets/SkythianCat/Hand_Painted_Nature_Kit_LITE
  artifactKey: Guid(605a6b0b24c0a8245b8935c724e73656) Importer(815301076,1909f56bfc062723c751e8b465ee728b)
Start importing Assets/SkythianCat/Hand_Painted_Nature_Kit_LITE using Guid(605a6b0b24c0a8245b8935c724e73656) Importer(815301076,1909f56bfc062723c751e8b465ee728b)  -> (artifact id: '6754b1834a5cf1b22d3c75a4c2bb92d1') in 0.021962 seconds 
========================================================================
Received Import Request.
  Time since last request: 13.690649 seconds.
  path: Assets/SkythianCat/Hand_Painted_Nature_Kit_LITE/Prefabs
  artifactKey: Guid(c94fb435f8cdc4541bd95577ea852d1c) Importer(815301076,1909f56bfc062723c751e8b465ee728b)
Start importing Assets/SkythianCat/Hand_Painted_Nature_Kit_LITE/Prefabs using Guid(c94fb435f8cdc4541bd95577ea852d1c) Importer(815301076,1909f56bfc062723c751e8b465ee728b)  -> (artifact id: 'c61b05b42c4476949bd85eb092c2e241') in 0.020621 seconds 
========================================================================
Received Import Request.
  Time since last request: 206.055665 seconds.
  path: Assets/SkythianCat/Hand_Painted_Nature_Kit_LITE/Prefabs/Larch01 Variant.prefab
  artifactKey: Guid(5a96fe943a6c3ee4ba9c953fce16fd82) Importer(815301076,1909f56bfc062723c751e8b465ee728b)
Start importing Assets/SkythianCat/Hand_Painted_Nature_Kit_LITE/Prefabs/Larch01 Variant.prefab using Guid(5a96fe943a6c3ee4ba9c953fce16fd82) Importer(815301076,1909f56bfc062723c751e8b465ee728b)  -> (artifact id: 'd3bac9f3148c0ac5b0c20c670375504a') in 0.048800 seconds 
========================================================================
Received Prepare
Registering precompiled user dll's ...
Registered in 0.013612 seconds.
Begin MonoManager ReloadAssembly
Symbol file LoadedFromMemory doesn't match image C:\Users\almac\Desktop\SEPTIMO SEMESTRE\Desarrollo de Videojuegos\Segundo Parcial\ActividadClase\Library\PackageCache\com.unity.visualscripting@1.7.8\Editor\VisualScripting.Core\Dependencies\YamlDotNet\Unity.VisualScripting.YamlDotNet.dll
Symbol file LoadedFromMemory doesn't match image C:\Users\almac\Desktop\SEPTIMO SEMESTRE\Desarrollo de Videojuegos\Segundo Parcial\ActividadClase\Library\PackageCache\com.unity.visualscripting@1.7.8\Editor\VisualScripting.Core\Dependencies\DotNetZip\Unity.VisualScripting.IonicZip.dll
Native extension for WindowsStandalone target not found
Refreshing native plugins compatible for Editor in 1.53 ms, found 3 plugins.
Preloading 0 native plugins for Editor in 0.00 ms.
Mono: successfully reloaded assembly
- Completed reload, in  1.395 seconds
Domain Reload Profiling:
	ReloadAssembly (1396ms)
		BeginReloadAssembly (209ms)
			ExecutionOrderSort (0ms)
			DisableScriptedObjects (8ms)
			BackupInstance (0ms)
			ReleaseScriptingObjects (0ms)
			CreateAndSetChildDomain (58ms)
		EndReloadAssembly (1035ms)
			LoadAssemblies (143ms)
			RebuildTransferFunctionScriptingTraits (0ms)
			SetupTypeCache (361ms)
			ReleaseScriptCaches (2ms)
			RebuildScriptCaches (58ms)
			SetupLoadedEditorAssemblies (434ms)
				LogAssemblyErrors (0ms)
				InitializePlatformSupportModulesInManaged (28ms)
				SetLoadedEditorAssemblies (1ms)
				RefreshPlugins (2ms)
				BeforeProcessingInitializeOnLoad (106ms)
				ProcessInitializeOnLoadAttributes (255ms)
				ProcessInitializeOnLoadMethodAttributes (33ms)
				AfterProcessingInitializeOnLoad (9ms)
				EditorAssembliesLoaded (0ms)
			ExecutionOrderSort2 (0ms)
			AwakeInstancesAfterBackupRestoration (9ms)
Platform modules already initialized, skipping
Refreshing native plugins compatible for Editor in 3.69 ms, found 3 plugins.
Preloading 0 native plugins for Editor in 0.00 ms.
Unloading 3348 Unused Serialized files (Serialized files now loaded: 0)
Unloading 20 unused Assets / (80.3 KB). Loaded Objects now: 3851.
Memory consumption went from 135.1 MB to 135.0 MB.
Total: 6.012400 ms (FindLiveObjects: 0.444000 ms CreateObjectMapping: 0.132900 ms MarkObjects: 5.144500 ms  DeleteObjects: 0.288900 ms)

AssetImportParameters requested are different than current active one (requested -> active):
  custom:video-decoder-ogg-theora: a1e56fd34408186e4bbccfd4996cb3dc -> 
  custom:container-muxer-webm: aa71ff27fc2769a1b78a27578f13a17b -> 
  custom:container-demuxer-webm: 4f35f7cbe854078d1ac9338744f61a02 -> 
  custom:video-encoder-webm-vp8: eb34c28f22e8b96e1ab97ce403110664 -> 
  custom:audio-encoder-webm-vorbis: bf7c407c2cedff20999df2af8eb42d56 -> 
  custom:framework-win-MediaFoundation: 216162199b28c13a410421893ffa2e32 -> 
  custom:container-demuxer-ogg: 62fdf1f143b41e24485cea50d1cbac27 -> 
  custom:video-decoder-webm-vp8: 9c59270c3fd7afecdb556c50c9e8de78 -> 
  custom:audio-decoder-ogg-vorbis: bf7c407c2cedff20999df2af8eb42d56 -> 
========================================================================
Received Import Request.
  Time since last request: 1443.940604 seconds.
  path: Assets/Scripts/Editor
  artifactKey: Guid(5eadba63fac4e844fba5042f53ccb8bc) Importer(815301076,1909f56bfc062723c751e8b465ee728b)
Start importing Assets/Scripts/Editor using Guid(5eadba63fac4e844fba5042f53ccb8bc) Importer(815301076,1909f56bfc062723c751e8b465ee728b)  -> (artifact id: '0e6b02549d0f837a89400e7c6e8db4ca') in 0.029409 seconds 
========================================================================
Received Import Request.
  Time since last request: 8.201154 seconds.
  path: Assets/New Terrain 2.asset
  artifactKey: Guid(e3944d0fa29dd604189987fd7ed72d62) Importer(815301076,1909f56bfc062723c751e8b465ee728b)
Start importing Assets/New Terrain 2.asset using Guid(e3944d0fa29dd604189987fd7ed72d62) Importer(815301076,1909f56bfc062723c751e8b465ee728b) The tree Larch01 must use the Nature/Soft Occlusion shader. Otherwise billboarding/lighting will not work correctly.
 -> (artifact id: '847bc291db835dbc2c6e7caf18b0b394') in 0.091365 seconds 
========================================================================
Received Prepare
Registering precompiled user dll's ...
Registered in 0.026966 seconds.
Begin MonoManager ReloadAssembly
Symbol file LoadedFromMemory doesn't match image C:\Users\almac\Desktop\SEPTIMO SEMESTRE\Desarrollo de Videojuegos\Segundo Parcial\ActividadClase\Library\PackageCache\com.unity.visualscripting@1.7.8\Editor\VisualScripting.Core\Dependencies\YamlDotNet\Unity.VisualScripting.YamlDotNet.dll
Symbol file LoadedFromMemory doesn't match image C:\Users\almac\Desktop\SEPTIMO SEMESTRE\Desarrollo de Videojuegos\Segundo Parcial\ActividadClase\Library\PackageCache\com.unity.visualscripting@1.7.8\Editor\VisualScripting.Core\Dependencies\DotNetZip\Unity.VisualScripting.IonicZip.dll
Native extension for WindowsStandalone target not found
Refreshing native plugins compatible for Editor in 1.17 ms, found 3 plugins.
Preloading 0 native plugins for Editor in 0.00 ms.
Mono: successfully reloaded assembly
- Completed reload, in  2.013 seconds
Domain Reload Profiling:
	ReloadAssembly (2014ms)
		BeginReloadAssembly (332ms)
			ExecutionOrderSort (0ms)
			DisableScriptedObjects (14ms)
			BackupInstance (0ms)
			ReleaseScriptingObjects (0ms)
			CreateAndSetChildDomain (112ms)
		EndReloadAssembly (1436ms)
			LoadAssemblies (197ms)
			RebuildTransferFunctionScriptingTraits (0ms)
			SetupTypeCache (566ms)
			ReleaseScriptCaches (2ms)
			RebuildScriptCaches (77ms)
			SetupLoadedEditorAssemblies (540ms)
				LogAssemblyErrors (0ms)
				InitializePlatformSupportModulesInManaged (25ms)
				SetLoadedEditorAssemblies (1ms)
				RefreshPlugins (1ms)
				BeforeProcessingInitializeOnLoad (123ms)
				ProcessInitializeOnLoadAttributes (326ms)
				ProcessInitializeOnLoadMethodAttributes (50ms)
				AfterProcessingInitializeOnLoad (13ms)
				EditorAssembliesLoaded (0ms)
			ExecutionOrderSort2 (0ms)
			AwakeInstancesAfterBackupRestoration (14ms)
Platform modules already initialized, skipping
Refreshing native plugins compatible for Editor in 4.52 ms, found 3 plugins.
Preloading 0 native plugins for Editor in 0.00 ms.
Unloading 3344 Unused Serialized files (Serialized files now loaded: 0)
Unloading 23 unused Assets / (80.4 KB). Loaded Objects now: 3851.
Memory consumption went from 135.0 MB to 134.9 MB.
Total: 6.658800 ms (FindLiveObjects: 0.335400 ms CreateObjectMapping: 0.119900 ms MarkObjects: 5.994400 ms  DeleteObjects: 0.207200 ms)

AssetImportParameters requested are different than current active one (requested -> active):
  custom:video-decoder-ogg-theora: a1e56fd34408186e4bbccfd4996cb3dc -> 
  custom:container-muxer-webm: aa71ff27fc2769a1b78a27578f13a17b -> 
  custom:container-demuxer-webm: 4f35f7cbe854078d1ac9338744f61a02 -> 
  custom:video-encoder-webm-vp8: eb34c28f22e8b96e1ab97ce403110664 -> 
  custom:audio-encoder-webm-vorbis: bf7c407c2cedff20999df2af8eb42d56 -> 
  custom:framework-win-MediaFoundation: 216162199b28c13a410421893ffa2e32 -> 
  custom:container-demuxer-ogg: 62fdf1f143b41e24485cea50d1cbac27 -> 
  custom:video-decoder-webm-vp8: 9c59270c3fd7afecdb556c50c9e8de78 -> 
  custom:audio-decoder-ogg-vorbis: bf7c407c2cedff20999df2af8eb42d56 -> 
========================================================================
Received Import Request.
  Time since last request: 443.227179 seconds.
  path: Assets/SkythianCat/Hand_Painted_Nature_Kit_LITE/Textures/Bark3-2.png
  artifactKey: Guid(0fa9aca141a7eeb429a446e57e5f223d) Importer(815301076,1909f56bfc062723c751e8b465ee728b)
Start importing Assets/SkythianCat/Hand_Painted_Nature_Kit_LITE/Textures/Bark3-2.png using Guid(0fa9aca141a7eeb429a446e57e5f223d) Importer(815301076,1909f56bfc062723c751e8b465ee728b)  -> (artifact id: '9f1b2c3d782a3b5b4b88991e645f7365') in 0.198168 seconds 
========================================================================
Received Import Request.
  Time since last request: 1.423862 seconds.
  path: Assets/SkythianCat/Hand_Painted_Nature_Kit_LITE/Textures/Cedar_branch_big.png
  artifactKey: Guid(f6dafded098e39047b4a62aa1dccc6bd) Importer(815301076,1909f56bfc062723c751e8b465ee728b)
Start importing Assets/SkythianCat/Hand_Painted_Nature_Kit_LITE/Textures/Cedar_branch_big.png using Guid(f6dafded098e39047b4a62aa1dccc6bd) Importer(815301076,1909f56bfc062723c751e8b465ee728b)  -> (artifact id: '3c4875fc07f4fed2239e75d14b37fa89') in 0.042321 seconds 
========================================================================
Received Import Request.
  Time since last request: 1.631639 seconds.
  path: Assets/SkythianCat/Hand_Painted_Nature_Kit_LITE/Textures/Dandelion.png
  artifactKey: Guid(3cf9c1d3d0ccc0641a554e2be28946cd) Importer(815301076,1909f56bfc062723c751e8b465ee728b)
Start importing Assets/SkythianCat/Hand_Painted_Nature_Kit_LITE/Textures/Dandelion.png using Guid(3cf9c1d3d0ccc0641a554e2be28946cd) Importer(815301076,1909f56bfc062723c751e8b465ee728b)  -> (artifact id: '38cc2d87fe4335bbbeaf4a87d10bf8ed') in 0.023426 seconds 
========================================================================
Received Import Request.
  Time since last request: 0.056560 seconds.
  path: Assets/SkythianCat/Hand_Painted_Nature_Kit_LITE/Textures/Fern_branch.png
  artifactKey: Guid(535886e191b2c534d892b54705c8497e) Importer(815301076,1909f56bfc062723c751e8b465ee728b)
Start importing Assets/SkythianCat/Hand_Painted_Nature_Kit_LITE/Textures/Fern_branch.png using Guid(535886e191b2c534d892b54705c8497e) Importer(815301076,1909f56bfc062723c751e8b465ee728b)  -> (artifact id: '7425c8106ed0e94ac795ddd9d5ec9c06') in 0.034140 seconds 
========================================================================
Received Import Request.
  Time since last request: 0.000035 seconds.
  path: Assets/SkythianCat/Hand_Painted_Nature_Kit_LITE/Textures/Landscape/Grass3-3.png
  artifactKey: Guid(78dca53b8e27ff94a81c3078a7a7b057) Importer(815301076,1909f56bfc062723c751e8b465ee728b)
Start importing Assets/SkythianCat/Hand_Painted_Nature_Kit_LITE/Textures/Landscape/Grass3-3.png using Guid(78dca53b8e27ff94a81c3078a7a7b057) Importer(815301076,1909f56bfc062723c751e8b465ee728b)  -> (artifact id: '7af6f4de6f504658df2fe28e77503f3d') in 0.036407 seconds 
========================================================================
Received Import Request.
  Time since last request: 0.020399 seconds.
  path: Assets/SkythianCat/Hand_Painted_Nature_Kit_LITE/Textures/Landscape/Ground5-1.png
  artifactKey: Guid(25594d18fa6fc1e40b153eeb6bd15b68) Importer(815301076,1909f56bfc062723c751e8b465ee728b)
Start importing Assets/SkythianCat/Hand_Painted_Nature_Kit_LITE/Textures/Landscape/Ground5-1.png using Guid(25594d18fa6fc1e40b153eeb6bd15b68) Importer(815301076,1909f56bfc062723c751e8b465ee728b)  -> (artifact id: '4ed5f9d57705e59d2fd74c8d805e50d8') in 0.024523 seconds 
========================================================================
Received Import Request.
  Time since last request: 0.286702 seconds.
  path: Assets/SkythianCat/Hand_Painted_Nature_Kit_LITE/Textures/Larch_branch.png
  artifactKey: Guid(7f6b1fc3e86e86b4497970014d94455a) Importer(815301076,1909f56bfc062723c751e8b465ee728b)
Start importing Assets/SkythianCat/Hand_Painted_Nature_Kit_LITE/Textures/Larch_branch.png using Guid(7f6b1fc3e86e86b4497970014d94455a) Importer(815301076,1909f56bfc062723c751e8b465ee728b)  -> (artifact id: 'ad24236172d30799eb7d2fdf5db0880c') in 0.035250 seconds 
========================================================================
Received Import Request.
  Time since last request: 0.147250 seconds.
  path: Assets/SkythianCat/Hand_Painted_Nature_Kit_LITE/Textures/Pine_branch.png
  artifactKey: Guid(b2a8f1bdabf6ae74aa82b7e3b2a03e44) Importer(815301076,1909f56bfc062723c751e8b465ee728b)
Start importing Assets/SkythianCat/Hand_Painted_Nature_Kit_LITE/Textures/Pine_branch.png using Guid(b2a8f1bdabf6ae74aa82b7e3b2a03e44) Importer(815301076,1909f56bfc062723c751e8b465ee728b)  -> (artifact id: 'b3e344127c1d9775e6c36e6d5c200dc7') in 0.030397 seconds 
========================================================================
Received Import Request.
  Time since last request: 0.252884 seconds.
  path: Assets/SkythianCat/Hand_Painted_Nature_Kit_LITE/Textures/Landscape/Road3-1.png
  artifactKey: Guid(c42b67e318af598458bb097c4830ea0b) Importer(815301076,1909f56bfc062723c751e8b465ee728b)
Start importing Assets/SkythianCat/Hand_Painted_Nature_Kit_LITE/Textures/Landscape/Road3-1.png using Guid(c42b67e318af598458bb097c4830ea0b) Importer(815301076,1909f56bfc062723c751e8b465ee728b)  -> (artifact id: 'c8fded2701c48add30e22dc718fd9209') in 0.039814 seconds 
========================================================================
Received Import Request.
  Time since last request: 0.040346 seconds.
  path: Assets/SkythianCat/Hand_Painted_Nature_Kit_LITE/Materials/Skybox/Skybox1_sun_cloud.png
  artifactKey: Guid(a5fa78cf186e8cc4cae2d3f12780cd85) Importer(815301076,1909f56bfc062723c751e8b465ee728b)
Start importing Assets/SkythianCat/Hand_Painted_Nature_Kit_LITE/Materials/Skybox/Skybox1_sun_cloud.png using Guid(a5fa78cf186e8cc4cae2d3f12780cd85) Importer(815301076,1909f56bfc062723c751e8b465ee728b)  -> (artifact id: '7cfdb1f7a75df343f03878bb0f252ecb') in 0.166886 seconds 
========================================================================
Received Prepare
Registering precompiled user dll's ...
Registered in 0.011064 seconds.
Begin MonoManager ReloadAssembly
Symbol file LoadedFromMemory doesn't match image C:\Users\almac\Desktop\SEPTIMO SEMESTRE\Desarrollo de Videojuegos\Segundo Parcial\ActividadClase\Library\PackageCache\com.unity.visualscripting@1.7.8\Editor\VisualScripting.Core\Dependencies\YamlDotNet\Unity.VisualScripting.YamlDotNet.dll
Symbol file LoadedFromMemory doesn't match image C:\Users\almac\Desktop\SEPTIMO SEMESTRE\Desarrollo de Videojuegos\Segundo Parcial\ActividadClase\Library\PackageCache\com.unity.visualscripting@1.7.8\Editor\VisualScripting.Core\Dependencies\DotNetZip\Unity.VisualScripting.IonicZip.dll
Native extension for WindowsStandalone target not found
Refreshing native plugins compatible for Editor in 0.76 ms, found 3 plugins.
Preloading 0 native plugins for Editor in 0.00 ms.
Mono: successfully reloaded assembly
- Completed reload, in  1.502 seconds
Domain Reload Profiling:
	ReloadAssembly (1503ms)
		BeginReloadAssembly (278ms)
			ExecutionOrderSort (0ms)
			DisableScriptedObjects (6ms)
			BackupInstance (0ms)
			ReleaseScriptingObjects (0ms)
			CreateAndSetChildDomain (58ms)
		EndReloadAssembly (1034ms)
			LoadAssemblies (281ms)
			RebuildTransferFunctionScriptingTraits (0ms)
			SetupTypeCache (347ms)
			ReleaseScriptCaches (1ms)
			RebuildScriptCaches (55ms)
			SetupLoadedEditorAssemblies (398ms)
				LogAssemblyErrors (0ms)
				InitializePlatformSupportModulesInManaged (18ms)
				SetLoadedEditorAssemblies (1ms)
				RefreshPlugins (1ms)
				BeforeProcessingInitializeOnLoad (87ms)
				ProcessInitializeOnLoadAttributes (244ms)
				ProcessInitializeOnLoadMethodAttributes (40ms)
				AfterProcessingInitializeOnLoad (9ms)
				EditorAssembliesLoaded (0ms)
			ExecutionOrderSort2 (0ms)
			AwakeInstancesAfterBackupRestoration (10ms)
Platform modules already initialized, skipping
Refreshing native plugins compatible for Editor in 5.08 ms, found 3 plugins.
Preloading 0 native plugins for Editor in 0.00 ms.
Unloading 3356 Unused Serialized files (Serialized files now loaded: 0)
Unloading 27 unused Assets / (16.5 MB). Loaded Objects now: 3884.
Memory consumption went from 152.5 MB to 136.0 MB.
Total: 6.093900 ms (FindLiveObjects: 0.312600 ms CreateObjectMapping: 0.108600 ms MarkObjects: 5.025200 ms  DeleteObjects: 0.646200 ms)

AssetImportParameters requested are different than current active one (requested -> active):
  custom:video-decoder-ogg-theora: a1e56fd34408186e4bbccfd4996cb3dc -> 
  custom:container-muxer-webm: aa71ff27fc2769a1b78a27578f13a17b -> 
  custom:container-demuxer-webm: 4f35f7cbe854078d1ac9338744f61a02 -> 
  custom:video-encoder-webm-vp8: eb34c28f22e8b96e1ab97ce403110664 -> 
  custom:audio-encoder-webm-vorbis: bf7c407c2cedff20999df2af8eb42d56 -> 
  custom:framework-win-MediaFoundation: 216162199b28c13a410421893ffa2e32 -> 
  custom:container-demuxer-ogg: 62fdf1f143b41e24485cea50d1cbac27 -> 
  custom:video-decoder-webm-vp8: 9c59270c3fd7afecdb556c50c9e8de78 -> 
  custom:audio-decoder-ogg-vorbis: bf7c407c2cedff20999df2af8eb42d56 -> 
========================================================================
Received Import Request.
  Time since last request: 482.672595 seconds.
  path: Assets/Conifers [BOTD]/Shared Sources/Meshes
  artifactKey: Guid(8c66f7071480b4af7a6085012e3ee89e) Importer(815301076,1909f56bfc062723c751e8b465ee728b)
Start importing Assets/Conifers [BOTD]/Shared Sources/Meshes using Guid(8c66f7071480b4af7a6085012e3ee89e) Importer(815301076,1909f56bfc062723c751e8b465ee728b)  -> (artifact id: '4e3a4bf272345be8d74fd6d6e1eb6197') in 0.030688 seconds 
========================================================================
Received Import Request.
  Time since last request: 0.020930 seconds.
  path: Assets/Conifers [BOTD]/Shared Sources/Meshes/SM Conifer Medium LOD1.asset
  artifactKey: Guid(b7bfe0796a8414c10a967a3cc72ebddc) Importer(815301076,1909f56bfc062723c751e8b465ee728b)
Start importing Assets/Conifers [BOTD]/Shared Sources/Meshes/SM Conifer Medium LOD1.asset using Guid(b7bfe0796a8414c10a967a3cc72ebddc) Importer(815301076,1909f56bfc062723c751e8b465ee728b)  -> (artifact id: 'eab0cc8d27e6ffbe1b78ca04f8eeeb85') in 0.215063 seconds 
========================================================================
Received Import Request.
  Time since last request: 0.000072 seconds.
  path: Assets/Conifers [BOTD]/Shared Sources/Meshes/SM Conifer Tall LOD0.asset
  artifactKey: Guid(92c53119942ac4923b00037455001238) Importer(815301076,1909f56bfc062723c751e8b465ee728b)
Start importing Assets/Conifers [BOTD]/Shared Sources/Meshes/SM Conifer Tall LOD0.asset using Guid(92c53119942ac4923b00037455001238) Importer(815301076,1909f56bfc062723c751e8b465ee728b)  -> (artifact id: '9147be1b2beacb0d8d66a76585953101') in 0.065000 seconds 
========================================================================
Received Import Request.
  Time since last request: 0.000167 seconds.
  path: Assets/Conifers [BOTD]/Shared Sources/Meshes/SM Conifer Small LOD0.asset
  artifactKey: Guid(aaf76b55071db41b0bde5e2ebb830601) Importer(815301076,1909f56bfc062723c751e8b465ee728b)
Start importing Assets/Conifers [BOTD]/Shared Sources/Meshes/SM Conifer Small LOD0.asset using Guid(aaf76b55071db41b0bde5e2ebb830601) Importer(815301076,1909f56bfc062723c751e8b465ee728b)  -> (artifact id: 'd23645bf799d007992cbc12c7e01e812') in 0.058108 seconds 
========================================================================
Received Import Request.
  Time since last request: 0.000093 seconds.
  path: Assets/Conifers [BOTD]/Shared Sources/Meshes/SM Conifer Medium LOD0.asset
  artifactKey: Guid(8edab6f6d01b34b44bc0dc2a7ff8ea7d) Importer(815301076,1909f56bfc062723c751e8b465ee728b)
Start importing Assets/Conifers [BOTD]/Shared Sources/Meshes/SM Conifer Medium LOD0.asset using Guid(8edab6f6d01b34b44bc0dc2a7ff8ea7d) Importer(815301076,1909f56bfc062723c751e8b465ee728b)  -> (artifact id: 'e3b53d8eb4fbd2e821c0ce8f405f6aea') in 0.143569 seconds 
========================================================================
Received Import Request.
  Time since last request: 3.942244 seconds.
  path: Assets/Conifers [BOTD]/Shared Sources/Textures/BODT Conifer  Branches [Albedo] [Smoothness].tif
  artifactKey: Guid(5597dc21a8aed4e7ba2c0f93dc4b1d98) Importer(815301076,1909f56bfc062723c751e8b465ee728b)
Start importing Assets/Conifers [BOTD]/Shared Sources/Textures/BODT Conifer  Branches [Albedo] [Smoothness].tif using Guid(5597dc21a8aed4e7ba2c0f93dc4b1d98) Importer(815301076,1909f56bfc062723c751e8b465ee728b)  -> (artifact id: 'aaa1dac9acf4bf18c4259e56d8a92650') in 0.103677 seconds 
========================================================================
Received Import Request.
  Time since last request: 0.000058 seconds.
  path: Assets/Conifers [BOTD]/Shared Sources/Textures/BODT Conifer Trunk [Normal] [AO] [Specular].psd
  artifactKey: Guid(cc724252428df448db5a10316678900b) Importer(815301076,1909f56bfc062723c751e8b465ee728b)
Start importing Assets/Conifers [BOTD]/Shared Sources/Textures/BODT Conifer Trunk [Normal] [AO] [Specular].psd using Guid(cc724252428df448db5a10316678900b) Importer(815301076,1909f56bfc062723c751e8b465ee728b)  -> (artifact id: '222381eb8ffed2dff1befb9ddc919cdc') in 0.042726 seconds 
========================================================================
Received Import Request.
  Time since last request: 0.000099 seconds.
  path: Assets/Conifers [BOTD]/Shared Sources/Textures/BODT Conifer Branches_Normal combined.tif
  artifactKey: Guid(d7dcdeeae2a5d4c6f8e5328e09728b47) Importer(815301076,1909f56bfc062723c751e8b465ee728b)
Start importing Assets/Conifers [BOTD]/Shared Sources/Textures/BODT Conifer Branches_Normal combined.tif using Guid(d7dcdeeae2a5d4c6f8e5328e09728b47) Importer(815301076,1909f56bfc062723c751e8b465ee728b)  -> (artifact id: 'af237319180d4e9eaebd8689eda7cbcf') in 0.039066 seconds 
========================================================================
Received Import Request.
  Time since last request: 0.000041 seconds.
  path: Assets/Conifers [BOTD]/Shared Sources/Textures/BODT Conifer Branches [Trans] [Smoothness].psd
  artifactKey: Guid(ca6a46a4d37514e00ae826202bad794e) Importer(815301076,1909f56bfc062723c751e8b465ee728b)
Start importing Assets/Conifers [BOTD]/Shared Sources/Textures/BODT Conifer Branches [Trans] [Smoothness].psd using Guid(ca6a46a4d37514e00ae826202bad794e) Importer(815301076,1909f56bfc062723c751e8b465ee728b)  -> (artifact id: 'a09294d90cfb3ccc617921c03e5afa82') in 0.039502 seconds 
========================================================================
Received Import Request.
  Time since last request: 0.000048 seconds.
  path: Assets/Conifers [BOTD]/Shared Sources/Textures/BODT Conifer x Stump [Normal] [AO] [Specular].tif
  artifactKey: Guid(7292f645408434cb896aaee2fd9c2a14) Importer(815301076,1909f56bfc062723c751e8b465ee728b)
Start importing Assets/Conifers [BOTD]/Shared Sources/Textures/BODT Conifer x Stump [Normal] [AO] [Specular].tif using Guid(7292f645408434cb896aaee2fd9c2a14) Importer(815301076,1909f56bfc062723c751e8b465ee728b)  -> (artifact id: '7b0ec41300b838ef919afd48e2981c6b') in 0.041982 seconds 
========================================================================
Received Import Request.
  Time since last request: 0.000038 seconds.
  path: Assets/Conifers [BOTD]/Shared Sources/Textures/BODT Conifer x Stump [Albedo] [Smoothness].tif
  artifactKey: Guid(d7e1060759db04260bbeb12bc11664bd) Importer(815301076,1909f56bfc062723c751e8b465ee728b)
Start importing Assets/Conifers [BOTD]/Shared Sources/Textures/BODT Conifer x Stump [Albedo] [Smoothness].tif using Guid(d7e1060759db04260bbeb12bc11664bd) Importer(815301076,1909f56bfc062723c751e8b465ee728b)  -> (artifact id: 'fa2393c40d65fc64fab496ea866bbd55') in 0.043401 seconds 
========================================================================
Received Import Request.
  Time since last request: 7.659549 seconds.
  path: Assets/Conifers [BOTD]/Shared Sources/Textures/Billboards/Billboard Bare/Conifer Bare [Albedo].png
  artifactKey: Guid(812b636c9bcef4b8aa194e3f6c9128e0) Importer(815301076,1909f56bfc062723c751e8b465ee728b)
Start importing Assets/Conifers [BOTD]/Shared Sources/Textures/Billboards/Billboard Bare/Conifer Bare [Albedo].png using Guid(812b636c9bcef4b8aa194e3f6c9128e0) Importer(815301076,1909f56bfc062723c751e8b465ee728b)  -> (artifact id: '2cf6048401a515f7d015344fb124dc35') in 0.038938 seconds 
========================================================================
Received Import Request.
  Time since last request: 190.590617 seconds.
  path: Assets/Conifers [BOTD]/Render Pipeline Support/Built-in RP/Prefabs/PF Conifer Bare BOTD.prefab
  artifactKey: Guid(539fa9bc6500e44708e0f7b2c78cbefe) Importer(815301076,1909f56bfc062723c751e8b465ee728b)
Start importing Assets/Conifers [BOTD]/Render Pipeline Support/Built-in RP/Prefabs/PF Conifer Bare BOTD.prefab using Guid(539fa9bc6500e44708e0f7b2c78cbefe) Importer(815301076,1909f56bfc062723c751e8b465ee728b)  -> (artifact id: '72fb0c1e4b4edd341a29709d0721bfeb') in 2.768515 seconds 
========================================================================
Received Import Request.
  Time since last request: 0.000051 seconds.
  path: Assets/Conifers [BOTD]/Render Pipeline Support/Built-in RP/Prefabs/PF Conifer Small BOTD.prefab
  artifactKey: Guid(7e3c80b421a0d465b80b8e51a763ea9c) Importer(815301076,1909f56bfc062723c751e8b465ee728b)
Start importing Assets/Conifers [BOTD]/Render Pipeline Support/Built-in RP/Prefabs/PF Conifer Small BOTD.prefab using Guid(7e3c80b421a0d465b80b8e51a763ea9c) Importer(815301076,1909f56bfc062723c751e8b465ee728b)  -> (artifact id: '4ca06940dd10b3ee892a4749ed92836b') in 1.152837 seconds 
Editor requested this worker to shutdown with reason: Scaling down because of idle timeout
AssetImportWorkerClient::OnTransportError - code=2 error=End of file
AssetImportWorker is now disconnected from the server
Process exiting
Exiting without the bug reporter. Application will terminate with return code 0