Using pre-set license
Built from '2021.3/staging' branch; Version is '2021.3.13f1 (9e7d58001ecf) revision 10386776'; Using compiler version '192829333'; Build Type 'Release'
OS: 'Windows 11  (10.0.22000) 64bit CoreSingleLanguage' Language: 'es' Physical Memory: 7504 MB
BatchMode: 1, IsHumanControllingUs: 0, StartBugReporterOnCrash: 0, Is64bit: 1, IsPro: 1

COMMAND LINE ARGUMENTS:
C:\Program Files\Unity\Hub\Editor\2021.3.13f1\Editor\Unity.exe
-adb2
-batchMode
-noUpm
-name
AssetImportWorker7
-projectPath
C:/Users/almac/Desktop/SEPTIMO SEMESTRE/Desarrollo de Videojuegos/Segundo Parcial/ActividadClase
-logFile
Logs/AssetImportWorker7.log
-srvPort
59666
Successfully changed project path to: C:/Users/almac/Desktop/SEPTIMO SEMESTRE/Desarrollo de Videojuegos/Segundo Parcial/ActividadClase
C:/Users/almac/Desktop/SEPTIMO SEMESTRE/Desarrollo de Videojuegos/Segundo Parcial/ActividadClase
[UnityMemory] Configuration Parameters - Can be set up in boot.config
    "memorysetup-bucket-allocator-granularity=16"
    "memorysetup-bucket-allocator-bucket-count=8"
    "memorysetup-bucket-allocator-block-size=33554432"
    "memorysetup-bucket-allocator-block-count=8"
    "memorysetup-main-allocator-block-size=16777216"
    "memorysetup-thread-allocator-block-size=16777216"
    "memorysetup-gfx-main-allocator-block-size=16777216"
    "memorysetup-gfx-thread-allocator-block-size=16777216"
    "memorysetup-cache-allocator-block-size=4194304"
    "memorysetup-typetree-allocator-block-size=2097152"
    "memorysetup-profiler-bucket-allocator-granularity=16"
    "memorysetup-profiler-bucket-allocator-bucket-count=8"
    "memorysetup-profiler-bucket-allocator-block-size=33554432"
    "memorysetup-profiler-bucket-allocator-block-count=8"
    "memorysetup-profiler-allocator-block-size=16777216"
    "memorysetup-profiler-editor-allocator-block-size=1048576"
    "memorysetup-temp-allocator-size-main=16777216"
    "memorysetup-job-temp-allocator-block-size=2097152"
    "memorysetup-job-temp-allocator-block-size-background=1048576"
    "memorysetup-job-temp-allocator-reduction-small-platforms=262144"
    "memorysetup-temp-allocator-size-background-worker=32768"
    "memorysetup-temp-allocator-size-job-worker=262144"
    "memorysetup-temp-allocator-size-preload-manager=33554432"
    "memorysetup-temp-allocator-size-nav-mesh-worker=65536"
    "memorysetup-temp-allocator-size-audio-worker=65536"
    "memorysetup-temp-allocator-size-cloud-worker=32768"
    "memorysetup-temp-allocator-size-gi-baking-worker=262144"
    "memorysetup-temp-allocator-size-gfx=262144"
Refreshing native plugins compatible for Editor in 171.43 ms, found 3 plugins.
Preloading 0 native plugins for Editor in 0.00 ms.
Initialize engine version: 2021.3.13f1 (9e7d58001ecf)
[Subsystems] Discovering subsystems at path C:/Program Files/Unity/Hub/Editor/2021.3.13f1/Editor/Data/Resources/UnitySubsystems
[Subsystems] Discovering subsystems at path C:/Users/almac/Desktop/SEPTIMO SEMESTRE/Desarrollo de Videojuegos/Segundo Parcial/ActividadClase/Assets
GfxDevice: creating device client; threaded=0; jobified=0
Direct3D:
    Version:  Direct3D 11.0 [level 11.1]
    Renderer: AMD Radeon(TM) Graphics (ID=0x164c)
    Vendor:   ATI
    VRAM:     3752 MB
    Driver:   30.0.13044.0
Initialize mono
Mono path[0] = 'C:/Program Files/Unity/Hub/Editor/2021.3.13f1/Editor/Data/Managed'
Mono path[1] = 'C:/Program Files/Unity/Hub/Editor/2021.3.13f1/Editor/Data/MonoBleedingEdge/lib/mono/unityjit-win32'
Mono config path = 'C:/Program Files/Unity/Hub/Editor/2021.3.13f1/Editor/Data/MonoBleedingEdge/etc'
Using monoOptions --debugger-agent=transport=dt_socket,embedding=1,server=y,suspend=n,address=127.0.0.1:56496
Begin MonoManager ReloadAssembly
Registering precompiled unity dll's ...
Register platform support module: C:/Program Files/Unity/Hub/Editor/2021.3.13f1/Editor/Data/PlaybackEngines/WindowsStandaloneSupport/UnityEditor.WindowsStandalone.Extensions.dll
Registered in 0.014852 seconds.
Native extension for WindowsStandalone target not found
Refreshing native plugins compatible for Editor in 135.40 ms, found 3 plugins.
Preloading 0 native plugins for Editor in 0.00 ms.
Mono: successfully reloaded assembly
- Completed reload, in  1.391 seconds
Domain Reload Profiling:
	ReloadAssembly (1392ms)
		BeginReloadAssembly (313ms)
			ExecutionOrderSort (0ms)
			DisableScriptedObjects (0ms)
			BackupInstance (0ms)
			ReleaseScriptingObjects (0ms)
			CreateAndSetChildDomain (1ms)
		EndReloadAssembly (832ms)
			LoadAssemblies (308ms)
			RebuildTransferFunctionScriptingTraits (0ms)
			SetupTypeCache (186ms)
			ReleaseScriptCaches (0ms)
			RebuildScriptCaches (48ms)
			SetupLoadedEditorAssemblies (504ms)
				LogAssemblyErrors (0ms)
				InitializePlatformSupportModulesInManaged (13ms)
				SetLoadedEditorAssemblies (0ms)
				RefreshPlugins (136ms)
				BeforeProcessingInitializeOnLoad (2ms)
				ProcessInitializeOnLoadAttributes (237ms)
				ProcessInitializeOnLoadMethodAttributes (116ms)
				AfterProcessingInitializeOnLoad (0ms)
				EditorAssembliesLoaded (0ms)
			ExecutionOrderSort2 (0ms)
			AwakeInstancesAfterBackupRestoration (0ms)
Platform modules already initialized, skipping
Registering precompiled user dll's ...
Registered in 0.017439 seconds.
Begin MonoManager ReloadAssembly
Symbol file LoadedFromMemory doesn't match image C:\Users\almac\Desktop\SEPTIMO SEMESTRE\Desarrollo de Videojuegos\Segundo Parcial\ActividadClase\Library\PackageCache\com.unity.visualscripting@1.7.8\Editor\VisualScripting.Core\Dependencies\YamlDotNet\Unity.VisualScripting.YamlDotNet.dll
Symbol file LoadedFromMemory doesn't match image C:\Users\almac\Desktop\SEPTIMO SEMESTRE\Desarrollo de Videojuegos\Segundo Parcial\ActividadClase\Library\PackageCache\com.unity.visualscripting@1.7.8\Editor\VisualScripting.Core\Dependencies\DotNetZip\Unity.VisualScripting.IonicZip.dll
Native extension for WindowsStandalone target not found
Refreshing native plugins compatible for Editor in 0.84 ms, found 3 plugins.
Preloading 0 native plugins for Editor in 0.00 ms.
Mono: successfully reloaded assembly
- Completed reload, in  1.911 seconds
Domain Reload Profiling:
	ReloadAssembly (1912ms)
		BeginReloadAssembly (193ms)
			ExecutionOrderSort (0ms)
			DisableScriptedObjects (9ms)
			BackupInstance (0ms)
			ReleaseScriptingObjects (0ms)
			CreateAndSetChildDomain (36ms)
		EndReloadAssembly (1505ms)
			LoadAssemblies (270ms)
			RebuildTransferFunctionScriptingTraits (0ms)
			SetupTypeCache (444ms)
			ReleaseScriptCaches (1ms)
			RebuildScriptCaches (90ms)
			SetupLoadedEditorAssemblies (629ms)
				LogAssemblyErrors (0ms)
				InitializePlatformSupportModulesInManaged (10ms)
				SetLoadedEditorAssemblies (1ms)
				RefreshPlugins (1ms)
				BeforeProcessingInitializeOnLoad (161ms)
				ProcessInitializeOnLoadAttributes (383ms)
				ProcessInitializeOnLoadMethodAttributes (59ms)
				AfterProcessingInitializeOnLoad (13ms)
				EditorAssembliesLoaded (0ms)
			ExecutionOrderSort2 (0ms)
			AwakeInstancesAfterBackupRestoration (12ms)
Platform modules already initialized, skipping
========================================================================
Worker process is ready to serve import requests
Launched and connected shader compiler UnityShaderCompiler.exe after 0.09 seconds
Refreshing native plugins compatible for Editor in 0.93 ms, found 3 plugins.
Preloading 0 native plugins for Editor in 0.00 ms.
Unloading 3349 Unused Serialized files (Serialized files now loaded: 0)
Unloading 27 unused Assets / (113.7 KB). Loaded Objects now: 3826.
Memory consumption went from 129.9 MB to 129.8 MB.
Total: 5.152600 ms (FindLiveObjects: 0.415300 ms CreateObjectMapping: 0.169400 ms MarkObjects: 4.384400 ms  DeleteObjects: 0.181400 ms)

AssetImportParameters requested are different than current active one (requested -> active):
  custom:video-decoder-ogg-theora: a1e56fd34408186e4bbccfd4996cb3dc -> 
  custom:container-muxer-webm: aa71ff27fc2769a1b78a27578f13a17b -> 
  custom:container-demuxer-webm: 4f35f7cbe854078d1ac9338744f61a02 -> 
  custom:video-encoder-webm-vp8: eb34c28f22e8b96e1ab97ce403110664 -> 
  custom:audio-encoder-webm-vorbis: bf7c407c2cedff20999df2af8eb42d56 -> 
  custom:framework-win-MediaFoundation: 216162199b28c13a410421893ffa2e32 -> 
  custom:container-demuxer-ogg: 62fdf1f143b41e24485cea50d1cbac27 -> 
  custom:video-decoder-webm-vp8: 9c59270c3fd7afecdb556c50c9e8de78 -> 
  custom:audio-decoder-ogg-vorbis: bf7c407c2cedff20999df2af8eb42d56 -> 
========================================================================
Received Import Request.
  Time since last request: 1583516.100245 seconds.
  path: Assets/pineForset_MayoGames_free/materials/fern.mat
  artifactKey: Guid(15922bdf67a4ca34da687e98aabc63a8) Importer(815301076,1909f56bfc062723c751e8b465ee728b)
Start importing Assets/pineForset_MayoGames_free/materials/fern.mat using Guid(15922bdf67a4ca34da687e98aabc63a8) Importer(815301076,1909f56bfc062723c751e8b465ee728b)  -> (artifact id: 'db3226b24149c45dec89ce82c749fd07') in 0.336325 seconds 
========================================================================
Received Import Request.
  Time since last request: 0.000057 seconds.
  path: Assets/pineForset_MayoGames_free/materials/furTreeSmall_bark.mat
  artifactKey: Guid(af444b8ab3babd74ca5d6466ea3419f7) Importer(815301076,1909f56bfc062723c751e8b465ee728b)
Start importing Assets/pineForset_MayoGames_free/materials/furTreeSmall_bark.mat using Guid(af444b8ab3babd74ca5d6466ea3419f7) Importer(815301076,1909f56bfc062723c751e8b465ee728b)  -> (artifact id: 'bd67bfbc0dfece68a23999508c1110f5') in 0.058072 seconds 
========================================================================
Received Import Request.
  Time since last request: 0.000113 seconds.
  path: Assets/pineForset_MayoGames_free/materials/furTree_bark.mat
  artifactKey: Guid(02fdcc96284446d448d55d0f9c417683) Importer(815301076,1909f56bfc062723c751e8b465ee728b)
Start importing Assets/pineForset_MayoGames_free/materials/furTree_bark.mat using Guid(02fdcc96284446d448d55d0f9c417683) Importer(815301076,1909f56bfc062723c751e8b465ee728b)  -> (artifact id: '8dd33b789c4b6e7a0adddf9ec1e07e8b') in 0.042507 seconds 
========================================================================
Received Import Request.
  Time since last request: 0.000051 seconds.
  path: Assets/pineForset_MayoGames_free/materials/furTreeFoliage_wind.mat
  artifactKey: Guid(830c265bd469e0540ac51bdf2302e31d) Importer(815301076,1909f56bfc062723c751e8b465ee728b)
Start importing Assets/pineForset_MayoGames_free/materials/furTreeFoliage_wind.mat using Guid(830c265bd469e0540ac51bdf2302e31d) Importer(815301076,1909f56bfc062723c751e8b465ee728b)  -> (artifact id: 'c25de9bdd76e39eff6b9618c0175da3e') in 0.035421 seconds 
========================================================================
Received Import Request.
  Time since last request: 75.323585 seconds.
  path: Assets/_TerrainAutoUpgrade/layer_Grass3-2b3407d0e55802f81.terrainlayer
  artifactKey: Guid(465b378882883bc4e8c9188e04cb10ab) Importer(815301076,1909f56bfc062723c751e8b465ee728b)
Start importing Assets/_TerrainAutoUpgrade/layer_Grass3-2b3407d0e55802f81.terrainlayer using Guid(465b378882883bc4e8c9188e04cb10ab) Importer(815301076,1909f56bfc062723c751e8b465ee728b)  -> (artifact id: 'a06ca5c82d7144fa0a6ebe1726308da8') in 0.050850 seconds 
========================================================================
Received Import Request.
  Time since last request: 0.000042 seconds.
  path: Assets/_TerrainAutoUpgrade/layer_Road3-1b3407d0e55802f81.terrainlayer
  artifactKey: Guid(5f6170f473e7b57458d46d8cef4b3857) Importer(815301076,1909f56bfc062723c751e8b465ee728b)
Start importing Assets/_TerrainAutoUpgrade/layer_Road3-1b3407d0e55802f81.terrainlayer using Guid(5f6170f473e7b57458d46d8cef4b3857) Importer(815301076,1909f56bfc062723c751e8b465ee728b)  -> (artifact id: '006568b4549e92271703bc73ed8d3108') in 0.026074 seconds 
========================================================================
Received Import Request.
  Time since last request: 0.000057 seconds.
  path: Assets/_TerrainAutoUpgrade/layer_Ground5-1b3407d0e55802f81.terrainlayer
  artifactKey: Guid(1fb86131cb7b21747a35fbb6d1aa8a80) Importer(815301076,1909f56bfc062723c751e8b465ee728b)
Start importing Assets/_TerrainAutoUpgrade/layer_Ground5-1b3407d0e55802f81.terrainlayer using Guid(1fb86131cb7b21747a35fbb6d1aa8a80) Importer(815301076,1909f56bfc062723c751e8b465ee728b)  -> (artifact id: '8f6dbabdee9018c5aa14d30eefdfb5fb') in 0.027848 seconds 
========================================================================
Received Import Request.
  Time since last request: 0.000047 seconds.
  path: Assets/_TerrainAutoUpgrade/layer_Road3-2b3407d0e55802f81.terrainlayer
  artifactKey: Guid(7d6efbecaebe51c4182ded41225588fe) Importer(815301076,1909f56bfc062723c751e8b465ee728b)
Start importing Assets/_TerrainAutoUpgrade/layer_Road3-2b3407d0e55802f81.terrainlayer using Guid(7d6efbecaebe51c4182ded41225588fe) Importer(815301076,1909f56bfc062723c751e8b465ee728b)  -> (artifact id: '484ff3941138e7d69011e6ef6dde568d') in 0.028823 seconds 
Editor requested this worker to shutdown with reason: Scaling down because of idle timeout
AssetImportWorker is now disconnected from the server
Process exiting
Exiting without the bug reporter. Application will terminate with return code 0